<?xml version="1.0" encoding="UTF-8"?>
<testsuite xmlns:xsi="http://www.w3.org/2001/XMLSchema-instance" xsi:noNamespaceSchemaLocation="https://maven.apache.org/surefire/maven-surefire-plugin/xsd/surefire-test-report-3.0.xsd" version="3.0" name="com.mie.AppTest" time="0.019" tests="1" errors="0" skipped="0" failures="0">
  <properties>
    <property name="sun.desktop" value="windows"/>
    <property name="awt.toolkit" value="sun.awt.windows.WToolkit"/>
    <property name="file.encoding.pkg" value="sun.io"/>
    <property name="java.specification.version" value="1.8"/>
    <property name="sun.cpu.isalist" value="amd64"/>
    <property name="sun.jnu.encoding" value="GBK"/>
    <property name="java.class.path" value="D:\Code\MieBlog\mie-admin\target\test-classes;D:\Code\MieBlog\mie-admin\target\classes;D:\Code\MieBlog\mie-framework\target\mie-framework-1.0-SNAPSHOT.jar;D:\JavaSet\maven\maven_reponsitory\org\springframework\boot\spring-boot-starter-web\2.5.0\spring-boot-starter-web-2.5.0.jar;D:\JavaSet\maven\maven_reponsitory\org\springframework\boot\spring-boot-starter\2.5.0\spring-boot-starter-2.5.0.jar;D:\JavaSet\maven\maven_reponsitory\org\springframework\boot\spring-boot\2.5.0\spring-boot-2.5.0.jar;D:\JavaSet\maven\maven_reponsitory\org\springframework\boot\spring-boot-starter-logging\2.5.0\spring-boot-starter-logging-2.5.0.jar;D:\JavaSet\maven\maven_reponsitory\ch\qos\logback\logback-classic\1.2.3\logback-classic-1.2.3.jar;D:\JavaSet\maven\maven_reponsitory\ch\qos\logback\logback-core\1.2.3\logback-core-1.2.3.jar;D:\JavaSet\maven\maven_reponsitory\org\apache\logging\log4j\log4j-to-slf4j\2.14.1\log4j-to-slf4j-2.14.1.jar;D:\JavaSet\maven\maven_reponsitory\org\apache\logging\log4j\log4j-api\2.14.1\log4j-api-2.14.1.jar;D:\JavaSet\maven\maven_reponsitory\org\slf4j\jul-to-slf4j\1.7.30\jul-to-slf4j-1.7.30.jar;D:\JavaSet\maven\maven_reponsitory\jakarta\annotation\jakarta.annotation-api\1.3.5\jakarta.annotation-api-1.3.5.jar;D:\JavaSet\maven\maven_reponsitory\org\springframework\spring-core\5.3.7\spring-core-5.3.7.jar;D:\JavaSet\maven\maven_reponsitory\org\springframework\spring-jcl\5.3.7\spring-jcl-5.3.7.jar;D:\JavaSet\maven\maven_reponsitory\org\yaml\snakeyaml\1.28\snakeyaml-1.28.jar;D:\JavaSet\maven\maven_reponsitory\org\springframework\boot\spring-boot-starter-json\2.5.0\spring-boot-starter-json-2.5.0.jar;D:\JavaSet\maven\maven_reponsitory\com\fasterxml\jackson\datatype\jackson-datatype-jdk8\2.12.3\jackson-datatype-jdk8-2.12.3.jar;D:\JavaSet\maven\maven_reponsitory\com\fasterxml\jackson\datatype\jackson-datatype-jsr310\2.12.3\jackson-datatype-jsr310-2.12.3.jar;D:\JavaSet\maven\maven_reponsitory\com\fasterxml\jackson\module\jackson-module-parameter-names\2.12.3\jackson-module-parameter-names-2.12.3.jar;D:\JavaSet\maven\maven_reponsitory\org\springframework\boot\spring-boot-starter-tomcat\2.5.0\spring-boot-starter-tomcat-2.5.0.jar;D:\JavaSet\maven\maven_reponsitory\org\apache\tomcat\embed\tomcat-embed-core\9.0.46\tomcat-embed-core-9.0.46.jar;D:\JavaSet\maven\maven_reponsitory\org\apache\tomcat\embed\tomcat-embed-el\9.0.46\tomcat-embed-el-9.0.46.jar;D:\JavaSet\maven\maven_reponsitory\org\apache\tomcat\embed\tomcat-embed-websocket\9.0.46\tomcat-embed-websocket-9.0.46.jar;D:\JavaSet\maven\maven_reponsitory\org\springframework\spring-web\5.3.7\spring-web-5.3.7.jar;D:\JavaSet\maven\maven_reponsitory\org\springframework\spring-beans\5.3.7\spring-beans-5.3.7.jar;D:\JavaSet\maven\maven_reponsitory\org\springframework\spring-webmvc\5.3.7\spring-webmvc-5.3.7.jar;D:\JavaSet\maven\maven_reponsitory\org\springframework\spring-context\5.3.7\spring-context-5.3.7.jar;D:\JavaSet\maven\maven_reponsitory\org\springframework\spring-expression\5.3.7\spring-expression-5.3.7.jar;D:\JavaSet\maven\maven_reponsitory\org\springframework\boot\spring-boot-starter-data-redis\2.5.0\spring-boot-starter-data-redis-2.5.0.jar;D:\JavaSet\maven\maven_reponsitory\org\springframework\data\spring-data-redis\2.5.1\spring-data-redis-2.5.1.jar;D:\JavaSet\maven\maven_reponsitory\org\springframework\data\spring-data-keyvalue\2.5.1\spring-data-keyvalue-2.5.1.jar;D:\JavaSet\maven\maven_reponsitory\org\springframework\data\spring-data-commons\2.5.1\spring-data-commons-2.5.1.jar;D:\JavaSet\maven\maven_reponsitory\org\springframework\spring-tx\5.3.7\spring-tx-5.3.7.jar;D:\JavaSet\maven\maven_reponsitory\org\springframework\spring-oxm\5.3.7\spring-oxm-5.3.7.jar;D:\JavaSet\maven\maven_reponsitory\org\springframework\spring-context-support\5.3.7\spring-context-support-5.3.7.jar;D:\JavaSet\maven\maven_reponsitory\io\lettuce\lettuce-core\6.1.2.RELEASE\lettuce-core-6.1.2.RELEASE.jar;D:\JavaSet\maven\maven_reponsitory\io\netty\netty-common\4.1.65.Final\netty-common-4.1.65.Final.jar;D:\JavaSet\maven\maven_reponsitory\io\netty\netty-handler\4.1.65.Final\netty-handler-4.1.65.Final.jar;D:\JavaSet\maven\maven_reponsitory\io\netty\netty-resolver\4.1.65.Final\netty-resolver-4.1.65.Final.jar;D:\JavaSet\maven\maven_reponsitory\io\netty\netty-buffer\4.1.65.Final\netty-buffer-4.1.65.Final.jar;D:\JavaSet\maven\maven_reponsitory\io\netty\netty-codec\4.1.65.Final\netty-codec-4.1.65.Final.jar;D:\JavaSet\maven\maven_reponsitory\io\netty\netty-transport\4.1.65.Final\netty-transport-4.1.65.Final.jar;D:\JavaSet\maven\maven_reponsitory\io\projectreactor\reactor-core\3.4.6\reactor-core-3.4.6.jar;D:\JavaSet\maven\maven_reponsitory\org\reactivestreams\reactive-streams\1.0.3\reactive-streams-1.0.3.jar;D:\JavaSet\maven\maven_reponsitory\com\alibaba\fastjson\1.2.33\fastjson-1.2.33.jar;D:\JavaSet\maven\maven_reponsitory\io\jsonwebtoken\jjwt\0.9.0\jjwt-0.9.0.jar;D:\JavaSet\maven\maven_reponsitory\com\fasterxml\jackson\core\jackson-databind\2.12.3\jackson-databind-2.12.3.jar;D:\JavaSet\maven\maven_reponsitory\com\fasterxml\jackson\core\jackson-annotations\2.12.3\jackson-annotations-2.12.3.jar;D:\JavaSet\maven\maven_reponsitory\com\fasterxml\jackson\core\jackson-core\2.12.3\jackson-core-2.12.3.jar;D:\JavaSet\maven\maven_reponsitory\com\baomidou\mybatis-plus-boot-starter\3.4.3\mybatis-plus-boot-starter-3.4.3.jar;D:\JavaSet\maven\maven_reponsitory\com\baomidou\mybatis-plus\3.4.3\mybatis-plus-3.4.3.jar;D:\JavaSet\maven\maven_reponsitory\com\baomidou\mybatis-plus-extension\3.4.3\mybatis-plus-extension-3.4.3.jar;D:\JavaSet\maven\maven_reponsitory\com\baomidou\mybatis-plus-core\3.4.3\mybatis-plus-core-3.4.3.jar;D:\JavaSet\maven\maven_reponsitory\com\baomidou\mybatis-plus-annotation\3.4.3\mybatis-plus-annotation-3.4.3.jar;D:\JavaSet\maven\maven_reponsitory\com\github\jsqlparser\jsqlparser\4.0\jsqlparser-4.0.jar;D:\JavaSet\maven\maven_reponsitory\org\mybatis\mybatis\3.5.7\mybatis-3.5.7.jar;D:\JavaSet\maven\maven_reponsitory\org\mybatis\mybatis-spring\2.0.6\mybatis-spring-2.0.6.jar;D:\JavaSet\maven\maven_reponsitory\org\springframework\boot\spring-boot-autoconfigure\2.5.0\spring-boot-autoconfigure-2.5.0.jar;D:\JavaSet\maven\maven_reponsitory\org\springframework\boot\spring-boot-starter-jdbc\2.5.0\spring-boot-starter-jdbc-2.5.0.jar;D:\JavaSet\maven\maven_reponsitory\com\zaxxer\HikariCP\4.0.3\HikariCP-4.0.3.jar;D:\JavaSet\maven\maven_reponsitory\org\springframework\spring-jdbc\5.3.7\spring-jdbc-5.3.7.jar;D:\JavaSet\maven\maven_reponsitory\mysql\mysql-connector-java\8.0.25\mysql-connector-java-8.0.25.jar;D:\JavaSet\maven\maven_reponsitory\com\aliyun\oss\aliyun-sdk-oss\3.10.2\aliyun-sdk-oss-3.10.2.jar;D:\JavaSet\maven\maven_reponsitory\org\apache\httpcomponents\httpclient\4.5.13\httpclient-4.5.13.jar;D:\JavaSet\maven\maven_reponsitory\org\apache\httpcomponents\httpcore\4.4.14\httpcore-4.4.14.jar;D:\JavaSet\maven\maven_reponsitory\commons-codec\commons-codec\1.15\commons-codec-1.15.jar;D:\JavaSet\maven\maven_reponsitory\org\jdom\jdom2\2.0.6\jdom2-2.0.6.jar;D:\JavaSet\maven\maven_reponsitory\org\codehaus\jettison\jettison\1.1\jettison-1.1.jar;D:\JavaSet\maven\maven_reponsitory\stax\stax-api\1.0.1\stax-api-1.0.1.jar;D:\JavaSet\maven\maven_reponsitory\com\aliyun\aliyun-java-sdk-core\3.4.0\aliyun-java-sdk-core-3.4.0.jar;D:\JavaSet\maven\maven_reponsitory\com\aliyun\aliyun-java-sdk-ram\3.0.0\aliyun-java-sdk-ram-3.0.0.jar;D:\JavaSet\maven\maven_reponsitory\com\aliyun\aliyun-java-sdk-sts\3.0.0\aliyun-java-sdk-sts-3.0.0.jar;D:\JavaSet\maven\maven_reponsitory\com\aliyun\aliyun-java-sdk-ecs\4.2.0\aliyun-java-sdk-ecs-4.2.0.jar;D:\JavaSet\maven\maven_reponsitory\com\aliyun\aliyun-java-sdk-kms\2.7.0\aliyun-java-sdk-kms-2.7.0.jar;D:\JavaSet\maven\maven_reponsitory\com\google\code\gson\gson\2.8.6\gson-2.8.6.jar;D:\JavaSet\maven\maven_reponsitory\org\springframework\boot\spring-boot-starter-aop\2.5.0\spring-boot-starter-aop-2.5.0.jar;D:\JavaSet\maven\maven_reponsitory\org\springframework\spring-aop\5.3.7\spring-aop-5.3.7.jar;D:\JavaSet\maven\maven_reponsitory\org\aspectj\aspectjweaver\1.9.6\aspectjweaver-1.9.6.jar;D:\JavaSet\maven\maven_reponsitory\com\alibaba\easyexcel\3.0.5\easyexcel-3.0.5.jar;D:\JavaSet\maven\maven_reponsitory\org\apache\poi\poi\4.1.2\poi-4.1.2.jar;D:\JavaSet\maven\maven_reponsitory\org\apache\commons\commons-collections4\4.4\commons-collections4-4.4.jar;D:\JavaSet\maven\maven_reponsitory\org\apache\commons\commons-math3\3.6.1\commons-math3-3.6.1.jar;D:\JavaSet\maven\maven_reponsitory\com\zaxxer\SparseBitSet\1.2\SparseBitSet-1.2.jar;D:\JavaSet\maven\maven_reponsitory\org\apache\poi\poi-ooxml\4.1.2\poi-ooxml-4.1.2.jar;D:\JavaSet\maven\maven_reponsitory\org\apache\commons\commons-compress\1.19\commons-compress-1.19.jar;D:\JavaSet\maven\maven_reponsitory\com\github\virtuald\curvesapi\1.06\curvesapi-1.06.jar;D:\JavaSet\maven\maven_reponsitory\org\apache\poi\poi-ooxml-schemas\4.1.2\poi-ooxml-schemas-4.1.2.jar;D:\JavaSet\maven\maven_reponsitory\org\apache\xmlbeans\xmlbeans\3.1.0\xmlbeans-3.1.0.jar;D:\JavaSet\maven\maven_reponsitory\org\apache\commons\commons-csv\1.8\commons-csv-1.8.jar;D:\JavaSet\maven\maven_reponsitory\cglib\cglib\3.3.0\cglib-3.3.0.jar;D:\JavaSet\maven\maven_reponsitory\org\ow2\asm\asm\7.1\asm-7.1.jar;D:\JavaSet\maven\maven_reponsitory\org\slf4j\slf4j-api\1.7.30\slf4j-api-1.7.30.jar;D:\JavaSet\maven\maven_reponsitory\org\ehcache\ehcache\3.9.3\ehcache-3.9.3.jar;D:\JavaSet\maven\maven_reponsitory\io\springfox\springfox-swagger2\2.9.2\springfox-swagger2-2.9.2.jar;D:\JavaSet\maven\maven_reponsitory\io\swagger\swagger-annotations\1.5.20\swagger-annotations-1.5.20.jar;D:\JavaSet\maven\maven_reponsitory\io\swagger\swagger-models\1.5.20\swagger-models-1.5.20.jar;D:\JavaSet\maven\maven_reponsitory\io\springfox\springfox-spi\2.9.2\springfox-spi-2.9.2.jar;D:\JavaSet\maven\maven_reponsitory\io\springfox\springfox-core\2.9.2\springfox-core-2.9.2.jar;D:\JavaSet\maven\maven_reponsitory\net\bytebuddy\byte-buddy\1.10.22\byte-buddy-1.10.22.jar;D:\JavaSet\maven\maven_reponsitory\io\springfox\springfox-schema\2.9.2\springfox-schema-2.9.2.jar;D:\JavaSet\maven\maven_reponsitory\io\springfox\springfox-swagger-common\2.9.2\springfox-swagger-common-2.9.2.jar;D:\JavaSet\maven\maven_reponsitory\io\springfox\springfox-spring-web\2.9.2\springfox-spring-web-2.9.2.jar;D:\JavaSet\maven\maven_reponsitory\com\google\guava\guava\20.0\guava-20.0.jar;D:\JavaSet\maven\maven_reponsitory\com\fasterxml\classmate\1.5.1\classmate-1.5.1.jar;D:\JavaSet\maven\maven_reponsitory\org\springframework\plugin\spring-plugin-core\1.2.0.RELEASE\spring-plugin-core-1.2.0.RELEASE.jar;D:\JavaSet\maven\maven_reponsitory\org\springframework\plugin\spring-plugin-metadata\1.2.0.RELEASE\spring-plugin-metadata-1.2.0.RELEASE.jar;D:\JavaSet\maven\maven_reponsitory\org\mapstruct\mapstruct\1.2.0.Final\mapstruct-1.2.0.Final.jar;D:\JavaSet\maven\maven_reponsitory\io\springfox\springfox-swagger-ui\2.9.2\springfox-swagger-ui-2.9.2.jar;D:\JavaSet\maven\maven_reponsitory\junit\junit\4.10\junit-4.10.jar;D:\JavaSet\maven\maven_reponsitory\org\hamcrest\hamcrest-core\2.2\hamcrest-core-2.2.jar;D:\JavaSet\maven\maven_reponsitory\org\hamcrest\hamcrest\2.2\hamcrest-2.2.jar;"/>
    <property name="java.vm.vendor" value="Oracle Corporation"/>
    <property name="sun.arch.data.model" value="64"/>
    <property name="user.variant" value=""/>
    <property name="java.vendor.url" value="http://java.oracle.com/"/>
    <property name="user.timezone" value="Asia/Shanghai"/>
    <property name="java.vm.specification.version" value="1.8"/>
    <property name="os.name" value="Windows 11"/>
    <property name="user.country" value="CN"/>
    <property name="sun.java.launcher" value="SUN_STANDARD"/>
    <property name="sun.boot.library.path" value="D:\JavaSet\jdk\myjdk8\jre\bin"/>
    <property name="sun.java.command" value="C:\Users\liuxi\AppData\Local\Temp\surefire3774816824881000869\surefirebooter-20240223120708536_6.jar C:\Users\liuxi\AppData\Local\Temp\surefire3774816824881000869 2024-02-23T12-07-07_083-jvmRun1 surefire-20240223120708536_4tmp surefire_1-20240223120708536_5tmp"/>
    <property name="surefire.test.class.path" value="D:\Code\MieBlog\mie-admin\target\test-classes;D:\Code\MieBlog\mie-admin\target\classes;D:\Code\MieBlog\mie-framework\target\mie-framework-1.0-SNAPSHOT.jar;D:\JavaSet\maven\maven_reponsitory\org\springframework\boot\spring-boot-starter-web\2.5.0\spring-boot-starter-web-2.5.0.jar;D:\JavaSet\maven\maven_reponsitory\org\springframework\boot\spring-boot-starter\2.5.0\spring-boot-starter-2.5.0.jar;D:\JavaSet\maven\maven_reponsitory\org\springframework\boot\spring-boot\2.5.0\spring-boot-2.5.0.jar;D:\JavaSet\maven\maven_reponsitory\org\springframework\boot\spring-boot-starter-logging\2.5.0\spring-boot-starter-logging-2.5.0.jar;D:\JavaSet\maven\maven_reponsitory\ch\qos\logback\logback-classic\1.2.3\logback-classic-1.2.3.jar;D:\JavaSet\maven\maven_reponsitory\ch\qos\logback\logback-core\1.2.3\logback-core-1.2.3.jar;D:\JavaSet\maven\maven_reponsitory\org\apache\logging\log4j\log4j-to-slf4j\2.14.1\log4j-to-slf4j-2.14.1.jar;D:\JavaSet\maven\maven_reponsitory\org\apache\logging\log4j\log4j-api\2.14.1\log4j-api-2.14.1.jar;D:\JavaSet\maven\maven_reponsitory\org\slf4j\jul-to-slf4j\1.7.30\jul-to-slf4j-1.7.30.jar;D:\JavaSet\maven\maven_reponsitory\jakarta\annotation\jakarta.annotation-api\1.3.5\jakarta.annotation-api-1.3.5.jar;D:\JavaSet\maven\maven_reponsitory\org\springframework\spring-core\5.3.7\spring-core-5.3.7.jar;D:\JavaSet\maven\maven_reponsitory\org\springframework\spring-jcl\5.3.7\spring-jcl-5.3.7.jar;D:\JavaSet\maven\maven_reponsitory\org\yaml\snakeyaml\1.28\snakeyaml-1.28.jar;D:\JavaSet\maven\maven_reponsitory\org\springframework\boot\spring-boot-starter-json\2.5.0\spring-boot-starter-json-2.5.0.jar;D:\JavaSet\maven\maven_reponsitory\com\fasterxml\jackson\datatype\jackson-datatype-jdk8\2.12.3\jackson-datatype-jdk8-2.12.3.jar;D:\JavaSet\maven\maven_reponsitory\com\fasterxml\jackson\datatype\jackson-datatype-jsr310\2.12.3\jackson-datatype-jsr310-2.12.3.jar;D:\JavaSet\maven\maven_reponsitory\com\fasterxml\jackson\module\jackson-module-parameter-names\2.12.3\jackson-module-parameter-names-2.12.3.jar;D:\JavaSet\maven\maven_reponsitory\org\springframework\boot\spring-boot-starter-tomcat\2.5.0\spring-boot-starter-tomcat-2.5.0.jar;D:\JavaSet\maven\maven_reponsitory\org\apache\tomcat\embed\tomcat-embed-core\9.0.46\tomcat-embed-core-9.0.46.jar;D:\JavaSet\maven\maven_reponsitory\org\apache\tomcat\embed\tomcat-embed-el\9.0.46\tomcat-embed-el-9.0.46.jar;D:\JavaSet\maven\maven_reponsitory\org\apache\tomcat\embed\tomcat-embed-websocket\9.0.46\tomcat-embed-websocket-9.0.46.jar;D:\JavaSet\maven\maven_reponsitory\org\springframework\spring-web\5.3.7\spring-web-5.3.7.jar;D:\JavaSet\maven\maven_reponsitory\org\springframework\spring-beans\5.3.7\spring-beans-5.3.7.jar;D:\JavaSet\maven\maven_reponsitory\org\springframework\spring-webmvc\5.3.7\spring-webmvc-5.3.7.jar;D:\JavaSet\maven\maven_reponsitory\org\springframework\spring-context\5.3.7\spring-context-5.3.7.jar;D:\JavaSet\maven\maven_reponsitory\org\springframework\spring-expression\5.3.7\spring-expression-5.3.7.jar;D:\JavaSet\maven\maven_reponsitory\org\springframework\boot\spring-boot-starter-data-redis\2.5.0\spring-boot-starter-data-redis-2.5.0.jar;D:\JavaSet\maven\maven_reponsitory\org\springframework\data\spring-data-redis\2.5.1\spring-data-redis-2.5.1.jar;D:\JavaSet\maven\maven_reponsitory\org\springframework\data\spring-data-keyvalue\2.5.1\spring-data-keyvalue-2.5.1.jar;D:\JavaSet\maven\maven_reponsitory\org\springframework\data\spring-data-commons\2.5.1\spring-data-commons-2.5.1.jar;D:\JavaSet\maven\maven_reponsitory\org\springframework\spring-tx\5.3.7\spring-tx-5.3.7.jar;D:\JavaSet\maven\maven_reponsitory\org\springframework\spring-oxm\5.3.7\spring-oxm-5.3.7.jar;D:\JavaSet\maven\maven_reponsitory\org\springframework\spring-context-support\5.3.7\spring-context-support-5.3.7.jar;D:\JavaSet\maven\maven_reponsitory\io\lettuce\lettuce-core\6.1.2.RELEASE\lettuce-core-6.1.2.RELEASE.jar;D:\JavaSet\maven\maven_reponsitory\io\netty\netty-common\4.1.65.Final\netty-common-4.1.65.Final.jar;D:\JavaSet\maven\maven_reponsitory\io\netty\netty-handler\4.1.65.Final\netty-handler-4.1.65.Final.jar;D:\JavaSet\maven\maven_reponsitory\io\netty\netty-resolver\4.1.65.Final\netty-resolver-4.1.65.Final.jar;D:\JavaSet\maven\maven_reponsitory\io\netty\netty-buffer\4.1.65.Final\netty-buffer-4.1.65.Final.jar;D:\JavaSet\maven\maven_reponsitory\io\netty\netty-codec\4.1.65.Final\netty-codec-4.1.65.Final.jar;D:\JavaSet\maven\maven_reponsitory\io\netty\netty-transport\4.1.65.Final\netty-transport-4.1.65.Final.jar;D:\JavaSet\maven\maven_reponsitory\io\projectreactor\reactor-core\3.4.6\reactor-core-3.4.6.jar;D:\JavaSet\maven\maven_reponsitory\org\reactivestreams\reactive-streams\1.0.3\reactive-streams-1.0.3.jar;D:\JavaSet\maven\maven_reponsitory\com\alibaba\fastjson\1.2.33\fastjson-1.2.33.jar;D:\JavaSet\maven\maven_reponsitory\io\jsonwebtoken\jjwt\0.9.0\jjwt-0.9.0.jar;D:\JavaSet\maven\maven_reponsitory\com\fasterxml\jackson\core\jackson-databind\2.12.3\jackson-databind-2.12.3.jar;D:\JavaSet\maven\maven_reponsitory\com\fasterxml\jackson\core\jackson-annotations\2.12.3\jackson-annotations-2.12.3.jar;D:\JavaSet\maven\maven_reponsitory\com\fasterxml\jackson\core\jackson-core\2.12.3\jackson-core-2.12.3.jar;D:\JavaSet\maven\maven_reponsitory\com\baomidou\mybatis-plus-boot-starter\3.4.3\mybatis-plus-boot-starter-3.4.3.jar;D:\JavaSet\maven\maven_reponsitory\com\baomidou\mybatis-plus\3.4.3\mybatis-plus-3.4.3.jar;D:\JavaSet\maven\maven_reponsitory\com\baomidou\mybatis-plus-extension\3.4.3\mybatis-plus-extension-3.4.3.jar;D:\JavaSet\maven\maven_reponsitory\com\baomidou\mybatis-plus-core\3.4.3\mybatis-plus-core-3.4.3.jar;D:\JavaSet\maven\maven_reponsitory\com\baomidou\mybatis-plus-annotation\3.4.3\mybatis-plus-annotation-3.4.3.jar;D:\JavaSet\maven\maven_reponsitory\com\github\jsqlparser\jsqlparser\4.0\jsqlparser-4.0.jar;D:\JavaSet\maven\maven_reponsitory\org\mybatis\mybatis\3.5.7\mybatis-3.5.7.jar;D:\JavaSet\maven\maven_reponsitory\org\mybatis\mybatis-spring\2.0.6\mybatis-spring-2.0.6.jar;D:\JavaSet\maven\maven_reponsitory\org\springframework\boot\spring-boot-autoconfigure\2.5.0\spring-boot-autoconfigure-2.5.0.jar;D:\JavaSet\maven\maven_reponsitory\org\springframework\boot\spring-boot-starter-jdbc\2.5.0\spring-boot-starter-jdbc-2.5.0.jar;D:\JavaSet\maven\maven_reponsitory\com\zaxxer\HikariCP\4.0.3\HikariCP-4.0.3.jar;D:\JavaSet\maven\maven_reponsitory\org\springframework\spring-jdbc\5.3.7\spring-jdbc-5.3.7.jar;D:\JavaSet\maven\maven_reponsitory\mysql\mysql-connector-java\8.0.25\mysql-connector-java-8.0.25.jar;D:\JavaSet\maven\maven_reponsitory\com\aliyun\oss\aliyun-sdk-oss\3.10.2\aliyun-sdk-oss-3.10.2.jar;D:\JavaSet\maven\maven_reponsitory\org\apache\httpcomponents\httpclient\4.5.13\httpclient-4.5.13.jar;D:\JavaSet\maven\maven_reponsitory\org\apache\httpcomponents\httpcore\4.4.14\httpcore-4.4.14.jar;D:\JavaSet\maven\maven_reponsitory\commons-codec\commons-codec\1.15\commons-codec-1.15.jar;D:\JavaSet\maven\maven_reponsitory\org\jdom\jdom2\2.0.6\jdom2-2.0.6.jar;D:\JavaSet\maven\maven_reponsitory\org\codehaus\jettison\jettison\1.1\jettison-1.1.jar;D:\JavaSet\maven\maven_reponsitory\stax\stax-api\1.0.1\stax-api-1.0.1.jar;D:\JavaSet\maven\maven_reponsitory\com\aliyun\aliyun-java-sdk-core\3.4.0\aliyun-java-sdk-core-3.4.0.jar;D:\JavaSet\maven\maven_reponsitory\com\aliyun\aliyun-java-sdk-ram\3.0.0\aliyun-java-sdk-ram-3.0.0.jar;D:\JavaSet\maven\maven_reponsitory\com\aliyun\aliyun-java-sdk-sts\3.0.0\aliyun-java-sdk-sts-3.0.0.jar;D:\JavaSet\maven\maven_reponsitory\com\aliyun\aliyun-java-sdk-ecs\4.2.0\aliyun-java-sdk-ecs-4.2.0.jar;D:\JavaSet\maven\maven_reponsitory\com\aliyun\aliyun-java-sdk-kms\2.7.0\aliyun-java-sdk-kms-2.7.0.jar;D:\JavaSet\maven\maven_reponsitory\com\google\code\gson\gson\2.8.6\gson-2.8.6.jar;D:\JavaSet\maven\maven_reponsitory\org\springframework\boot\spring-boot-starter-aop\2.5.0\spring-boot-starter-aop-2.5.0.jar;D:\JavaSet\maven\maven_reponsitory\org\springframework\spring-aop\5.3.7\spring-aop-5.3.7.jar;D:\JavaSet\maven\maven_reponsitory\org\aspectj\aspectjweaver\1.9.6\aspectjweaver-1.9.6.jar;D:\JavaSet\maven\maven_reponsitory\com\alibaba\easyexcel\3.0.5\easyexcel-3.0.5.jar;D:\JavaSet\maven\maven_reponsitory\org\apache\poi\poi\4.1.2\poi-4.1.2.jar;D:\JavaSet\maven\maven_reponsitory\org\apache\commons\commons-collections4\4.4\commons-collections4-4.4.jar;D:\JavaSet\maven\maven_reponsitory\org\apache\commons\commons-math3\3.6.1\commons-math3-3.6.1.jar;D:\JavaSet\maven\maven_reponsitory\com\zaxxer\SparseBitSet\1.2\SparseBitSet-1.2.jar;D:\JavaSet\maven\maven_reponsitory\org\apache\poi\poi-ooxml\4.1.2\poi-ooxml-4.1.2.jar;D:\JavaSet\maven\maven_reponsitory\org\apache\commons\commons-compress\1.19\commons-compress-1.19.jar;D:\JavaSet\maven\maven_reponsitory\com\github\virtuald\curvesapi\1.06\curvesapi-1.06.jar;D:\JavaSet\maven\maven_reponsitory\org\apache\poi\poi-ooxml-schemas\4.1.2\poi-ooxml-schemas-4.1.2.jar;D:\JavaSet\maven\maven_reponsitory\org\apache\xmlbeans\xmlbeans\3.1.0\xmlbeans-3.1.0.jar;D:\JavaSet\maven\maven_reponsitory\org\apache\commons\commons-csv\1.8\commons-csv-1.8.jar;D:\JavaSet\maven\maven_reponsitory\cglib\cglib\3.3.0\cglib-3.3.0.jar;D:\JavaSet\maven\maven_reponsitory\org\ow2\asm\asm\7.1\asm-7.1.jar;D:\JavaSet\maven\maven_reponsitory\org\slf4j\slf4j-api\1.7.30\slf4j-api-1.7.30.jar;D:\JavaSet\maven\maven_reponsitory\org\ehcache\ehcache\3.9.3\ehcache-3.9.3.jar;D:\JavaSet\maven\maven_reponsitory\io\springfox\springfox-swagger2\2.9.2\springfox-swagger2-2.9.2.jar;D:\JavaSet\maven\maven_reponsitory\io\swagger\swagger-annotations\1.5.20\swagger-annotations-1.5.20.jar;D:\JavaSet\maven\maven_reponsitory\io\swagger\swagger-models\1.5.20\swagger-models-1.5.20.jar;D:\JavaSet\maven\maven_reponsitory\io\springfox\springfox-spi\2.9.2\springfox-spi-2.9.2.jar;D:\JavaSet\maven\maven_reponsitory\io\springfox\springfox-core\2.9.2\springfox-core-2.9.2.jar;D:\JavaSet\maven\maven_reponsitory\net\bytebuddy\byte-buddy\1.10.22\byte-buddy-1.10.22.jar;D:\JavaSet\maven\maven_reponsitory\io\springfox\springfox-schema\2.9.2\springfox-schema-2.9.2.jar;D:\JavaSet\maven\maven_reponsitory\io\springfox\springfox-swagger-common\2.9.2\springfox-swagger-common-2.9.2.jar;D:\JavaSet\maven\maven_reponsitory\io\springfox\springfox-spring-web\2.9.2\springfox-spring-web-2.9.2.jar;D:\JavaSet\maven\maven_reponsitory\com\google\guava\guava\20.0\guava-20.0.jar;D:\JavaSet\maven\maven_reponsitory\com\fasterxml\classmate\1.5.1\classmate-1.5.1.jar;D:\JavaSet\maven\maven_reponsitory\org\springframework\plugin\spring-plugin-core\1.2.0.RELEASE\spring-plugin-core-1.2.0.RELEASE.jar;D:\JavaSet\maven\maven_reponsitory\org\springframework\plugin\spring-plugin-metadata\1.2.0.RELEASE\spring-plugin-metadata-1.2.0.RELEASE.jar;D:\JavaSet\maven\maven_reponsitory\org\mapstruct\mapstruct\1.2.0.Final\mapstruct-1.2.0.Final.jar;D:\JavaSet\maven\maven_reponsitory\io\springfox\springfox-swagger-ui\2.9.2\springfox-swagger-ui-2.9.2.jar;D:\JavaSet\maven\maven_reponsitory\junit\junit\4.10\junit-4.10.jar;D:\JavaSet\maven\maven_reponsitory\org\hamcrest\hamcrest-core\2.2\hamcrest-core-2.2.jar;D:\JavaSet\maven\maven_reponsitory\org\hamcrest\hamcrest\2.2\hamcrest-2.2.jar;"/>
    <property name="sun.cpu.endian" value="little"/>
    <property name="user.home" value="C:\Users\liuxi"/>
    <property name="user.language" value="zh"/>
    <property name="java.specification.vendor" value="Oracle Corporation"/>
    <property name="java.home" value="D:\JavaSet\jdk\myjdk8\jre"/>
    <property name="basedir" value="D:\Code\MieBlog\mie-admin"/>
    <property name="file.separator" value="\"/>
    <property name="line.separator" value="&#10;"/>
    <property name="java.vm.specification.vendor" value="Oracle Corporation"/>
    <property name="java.specification.name" value="Java Platform API Specification"/>
    <property name="java.awt.graphicsenv" value="sun.awt.Win32GraphicsEnvironment"/>
    <property name="surefire.real.class.path" value="C:\Users\liuxi\AppData\Local\Temp\surefire3774816824881000869\surefirebooter-20240223120708536_6.jar"/>
    <property name="sun.boot.class.path" value="D:\JavaSet\jdk\myjdk8\jre\lib\resources.jar;D:\JavaSet\jdk\myjdk8\jre\lib\rt.jar;D:\JavaSet\jdk\myjdk8\jre\lib\jsse.jar;D:\JavaSet\jdk\myjdk8\jre\lib\jce.jar;D:\JavaSet\jdk\myjdk8\jre\lib\charsets.jar;D:\JavaSet\jdk\myjdk8\jre\lib\jfr.jar;D:\JavaSet\jdk\myjdk8\jre\classes"/>
    <property name="user.script" value=""/>
    <property name="sun.management.compiler" value="HotSpot 64-Bit Tiered Compilers"/>
    <property name="java.runtime.version" value="1.8.0_381-b09"/>
    <property name="user.name" value="liuxi"/>
    <property name="path.separator" value=";"/>
    <property name="os.version" value="10.0"/>
    <property name="java.endorsed.dirs" value="D:\JavaSet\jdk\myjdk8\jre\lib\endorsed"/>
    <property name="java.runtime.name" value="Java(TM) SE Runtime Environment"/>
    <property name="file.encoding" value="GBK"/>
    <property name="java.vm.name" value="Java HotSpot(TM) 64-Bit Server VM"/>
    <property name="localRepository" value="D:\JavaSet\maven\maven_reponsitory"/>
    <property name="java.vendor.url.bug" value="http://bugreport.sun.com/bugreport/"/>
    <property name="java.io.tmpdir" value="C:\Users\liuxi\AppData\Local\Temp\"/>
    <property name="idea.version" value="2023.2"/>
    <property name="java.version" value="1.8.0_381"/>
    <property name="user.dir" value="D:\Code\MieBlog\mie-admin"/>
    <property name="os.arch" value="amd64"/>
    <property name="java.vm.specification.name" value="Java Virtual Machine Specification"/>
    <property name="java.awt.printerjob" value="sun.awt.windows.WPrinterJob"/>
    <property name="sun.os.patch.level" value=""/>
    <property name="java.library.path" value="D:\JavaSet\jdk\myjdk8\jre\bin;C:\WINDOWS\Sun\Java\bin;C:\WINDOWS\system32;C:\WINDOWS;D:\VMware\VMware Workstation\bin\;D:\tools\nodejs;D:\anaconda;D:\anaconda\Library\mingw-w64\bin;D:\anaconda\Library\usr\bin;D:\anaconda\Library\bin;D:\anaconda\Scripts;C:\Program Files (x86)\Common Files\Oracle\Java\javapath;F:\python\install\Scripts;C:\Program Files\Common Files\Autodesk Shared\;F:\Microsoft VS Code\mingw64\bin;C:\MyScripts;C:\windows\system32\;D:\JavaSet\jdk\myjdk8\jre\bin;C:\WINDOWS\system32;C:\WINDOWS;C:\WINDOWS\System32\Wbem;C:\WINDOWS\System32\WindowsPowerShell\v1.0\;C:\WINDOWS\System32\OpenSSH\;C:\Program Files\Google\Chrome\Application;D:\phantomjs-2.1.1-windows\phantomjs-2.1.1-windows\bin;D:\Go\bin;C:\Program Files\Git\cmd;C:\Program Files\TortoiseGit\bin;C:\WINDOWS\system32;D:\JavaSet\maven\apache-maven-3.9.6-bin\apache-maven-3.9.6\bin;D:\ProgramData\MySQL\MySQL Server 8.0\bin;C:\Program Files\Docker\Docker\resources\bin;C:\Program Files\nodejs\;D:\tools\nodejs;C:\Users\liuxi\AppData\Local\Programs\Python\Python311\Scripts\;C:\Users\liuxi\AppData\Local\Programs\Python\Python311\;C:\windows\system32\;D:\pycharm\PyCharm Community Edition 2022.3.1\bin;;C:\MyScripts;D:\youxi\QQGameTempest\Hall.57938\;C:\Users\liuxi\AppData\Local\Microsoft\WindowsApps;C:\Program Files\Google\Chrome\Application;D:\phantomjs-2.1.1-windows\phantomjs-2.1.1-windows\bin;C:\Users\liuxi\go\bin;D:\Go\GoLand 2023.1.1\bin;;C:\Users\liuxi\AppData\Local\Programs\Microsoft VS Code\bin;D:\pycharm\PyCharm 2023.1.4\bin;;C:\Users\liuxi\AppData\Local\GitHubDesktop\bin;C:\WINDOWS\system32;D:\lxymysql\mysql-5.7.19-winx64\mysql-5.7.19-winx64\bin;D:\tools\cpolar\;D:\JetBrains\WebStorm 2023.3.3\bin;;C:\Users\liuxi\AppData\Roaming\npm;."/>
    <property name="java.vm.info" value="mixed mode"/>
    <property name="java.vendor" value="Oracle Corporation"/>
    <property name="java.vm.version" value="25.381-b09"/>
    <property name="java.specification.maintenance.version" value="5"/>
    <property name="java.ext.dirs" value="D:\JavaSet\jdk\myjdk8\jre\lib\ext;C:\WINDOWS\Sun\Java\lib\ext"/>
    <property name="sun.io.unicode.encoding" value="UnicodeLittle"/>
    <property name="maven.repo.local" value="D:\JavaSet\maven\maven_reponsitory"/>
    <property name="java.class.version" value="52.0"/>
  </properties>
  <testcase name="testApp" classname="com.mie.AppTest" time="0.001"/>
</testsuite>